# JRE version: Java(TM) SE Runtime Environment (8.0_311-b11) (build 1.8.0_311-b11)
# Java VM: Java HotSpot(TM) 64-Bit Server VM (25.311-b11 mixed mode windows-amd64 compressed oops)
Heap:
 PSYoungGen      total 938496K, used 861804K [0x0000000780d00000, 0x00000007bfa80000, 0x00000007c0000000)
  eden space 847360K, 98% used [0x0000000780d00000,0x00000007b37f3378,0x00000007b4880000)
  from space 91136K, 34% used [0x00000007ba180000,0x00000007bc028010,0x00000007bfa80000)
  to   space 24064K, 0% used [0x00000007b4880000,0x00000007b4880000,0x00000007b6000000)
 ParOldGen       total 1994240K, used 1588255K [0x0000000702600000, 0x000000077c180000, 0x0000000780d00000)
  object space 1994240K, 79% used [0x0000000702600000,0x0000000763507eb8,0x000000077c180000)
 Metaspace       used 23251K, capacity 23473K, committed 23728K, reserved 1071104K
  class space    used 2337K, capacity 2415K, committed 2480K, reserved 1048576K
GC Heap History (10 events):
Event: 1087.177 GC heap before
{Heap before GC invocations=250 (full 8):
 PSYoungGen      total 938496K, used 30208K [0x0000000780d00000, 0x00000007bfb00000, 0x00000007c0000000)
  eden space 846336K, 0% used [0x0000000780d00000,0x0000000780d00000,0x00000007b4780000)
  from space 92160K, 32% used [0x00000007ba100000,0x00000007bbe80000,0x00000007bfb00000)
  to   space 91648K, 0% used [0x00000007b4780000,0x00000007b4780000,0x00000007ba100000)
 ParOldGen       total 1593344K, used 1569895K [0x0000000702600000, 0x0000000763a00000, 0x0000000780d00000)
  object space 1593344K, 98% used [0x0000000702600000,0x0000000762319fa0,0x0000000763a00000)
 Metaspace       used 23251K, capacity 23473K, committed 23728K, reserved 1071104K
  class space    used 2337K, capacity 2415K, committed 2480K, reserved 1048576K
Event: 1090.315 GC heap after
Heap after GC invocations=250 (full 8):
 PSYoungGen      total 938496K, used 0K [0x0000000780d00000, 0x00000007bfb00000, 0x00000007c0000000)
  eden space 846336K, 0% used [0x0000000780d00000,0x0000000780d00000,0x00000007b4780000)
  from space 92160K, 0% used [0x00000007ba100000,0x00000007ba100000,0x00000007bfb00000)
  to   space 91648K, 0% used [0x00000007b4780000,0x00000007b4780000,0x00000007ba100000)
 ParOldGen       total 1994240K, used 1588255K [0x0000000702600000, 0x000000077c180000, 0x0000000780d00000)
  object space 1994240K, 79% used [0x0000000702600000,0x0000000763507eb8,0x000000077c180000)
 Metaspace       used 23251K, capacity 23473K, committed 23728K, reserved 1071104K
  class space    used 2337K, capacity 2415K, committed 2480K, reserved 1048576K
}
Event: 1094.960 GC heap before
{Heap before GC invocations=251 (full 8):
 PSYoungGen      total 938496K, used 846336K [0x0000000780d00000, 0x00000007bfb00000, 0x00000007c0000000)
  eden space 846336K, 100% used [0x0000000780d00000,0x00000007b4780000,0x00000007b4780000)
  from space 92160K, 0% used [0x00000007ba100000,0x00000007ba100000,0x00000007bfb00000)
  to   space 91648K, 0% used [0x00000007b4780000,0x00000007b4780000,0x00000007ba100000)
 ParOldGen       total 1994240K, used 1588255K [0x0000000702600000, 0x000000077c180000, 0x0000000780d00000)
  object space 1994240K, 79% used [0x0000000702600000,0x0000000763507eb8,0x000000077c180000)
 Metaspace       used 23251K, capacity 23473K, committed 23728K, reserved 1071104K
  class space    used 2337K, capacity 2415K, committed 2480K, reserved 1048576K
Event: 1094.966 GC heap after
Heap after GC invocations=251 (full 8):
 PSYoungGen      total 937984K, used 8000K [0x0000000780d00000, 0x00000007c0000000, 0x00000007c0000000)
  eden space 846336K, 0% used [0x0000000780d00000,0x0000000780d00000,0x00000007b4780000)
  from space 91648K, 8% used [0x00000007b4780000,0x00000007b4f50000,0x00000007ba100000)
  to   space 94208K, 0% used [0x00000007ba400000,0x00000007ba400000,0x00000007c0000000)
 ParOldGen       total 1994240K, used 1588255K [0x0000000702600000, 0x000000077c180000, 0x0000000780d00000)
  object space 1994240K, 79% used [0x0000000702600000,0x0000000763507eb8,0x000000077c180000)
 Metaspace       used 23251K, capacity 23473K, committed 23728K, reserved 1071104K
  class space    used 2337K, capacity 2415K, committed 2480K, reserved 1048576K
}
Event: 1098.969 GC heap before
{Heap before GC invocations=252 (full 8):
 PSYoungGen      total 937984K, used 854336K [0x0000000780d00000, 0x00000007c0000000, 0x00000007c0000000)
  eden space 846336K, 100% used [0x0000000780d00000,0x00000007b4780000,0x00000007b4780000)
  from space 91648K, 8% used [0x00000007b4780000,0x00000007b4f50000,0x00000007ba100000)
  to   space 94208K, 0% used [0x00000007ba400000,0x00000007ba400000,0x00000007c0000000)
 ParOldGen       total 1994240K, used 1588255K [0x0000000702600000, 0x000000077c180000, 0x0000000780d00000)
  object space 1994240K, 79% used [0x0000000702600000,0x0000000763507eb8,0x000000077c180000)
 Metaspace       used 23251K, capacity 23473K, committed 23728K, reserved 1071104K
  class space    used 2337K, capacity 2415K, committed 2480K, reserved 1048576K
Event: 1098.974 GC heap after
Heap after GC invocations=252 (full 8):
 PSYoungGen      total 941568K, used 15552K [0x0000000780d00000, 0x00000007c0000000, 0x00000007c0000000)
  eden space 847360K, 0% used [0x0000000780d00000,0x0000000780d00000,0x00000007b4880000)
  from space 94208K, 16% used [0x00000007ba400000,0x00000007bb330000,0x00000007c0000000)
  to   space 93696K, 0% used [0x00000007b4880000,0x00000007b4880000,0x00000007ba400000)
 ParOldGen       total 1994240K, used 1588255K [0x0000000702600000, 0x000000077c180000, 0x0000000780d00000)
  object space 1994240K, 79% used [0x0000000702600000,0x0000000763507eb8,0x000000077c180000)
 Metaspace       used 23251K, capacity 23473K, committed 23728K, reserved 1071104K
  class space    used 2337K, capacity 2415K, committed 2480K, reserved 1048576K
}
Event: 1103.146 GC heap before
{Heap before GC invocations=253 (full 8):
 PSYoungGen      total 941568K, used 862912K [0x0000000780d00000, 0x00000007c0000000, 0x00000007c0000000)
  eden space 847360K, 100% used [0x0000000780d00000,0x00000007b4880000,0x00000007b4880000)
  from space 94208K, 16% used [0x00000007ba400000,0x00000007bb330000,0x00000007c0000000)
  to   space 93696K, 0% used [0x00000007b4880000,0x00000007b4880000,0x00000007ba400000)
 ParOldGen       total 1994240K, used 1588255K [0x0000000702600000, 0x000000077c180000, 0x0000000780d00000)
  object space 1994240K, 79% used [0x0000000702600000,0x0000000763507eb8,0x000000077c180000)
 Metaspace       used 23251K, capacity 23473K, committed 23728K, reserved 1071104K
  class space    used 2337K, capacity 2415K, committed 2480K, reserved 1048576K
Event: 1103.152 GC heap after
Heap after GC invocations=253 (full 8):
 PSYoungGen      total 871424K, used 23584K [0x0000000780d00000, 0x00000007bfa80000, 0x00000007c0000000)
  eden space 847360K, 0% used [0x0000000780d00000,0x0000000780d00000,0x00000007b4880000)
  from space 24064K, 98% used [0x00000007b4880000,0x00000007b5f88010,0x00000007b6000000)
  to   space 91136K, 0% used [0x00000007ba180000,0x00000007ba180000,0x00000007bfa80000)
 ParOldGen       total 1994240K, used 1588255K [0x0000000702600000, 0x000000077c180000, 0x0000000780d00000)
  object space 1994240K, 79% used [0x0000000702600000,0x0000000763507eb8,0x000000077c180000)
 Metaspace       used 23251K, capacity 23473K, committed 23728K, reserved 1071104K
  class space    used 2337K, capacity 2415K, committed 2480K, reserved 1048576K
}
Event: 1107.222 GC heap before
{Heap before GC invocations=254 (full 8):
 PSYoungGen      total 871424K, used 870944K [0x0000000780d00000, 0x00000007bfa80000, 0x00000007c0000000)
  eden space 847360K, 100% used [0x0000000780d00000,0x00000007b4880000,0x00000007b4880000)
  from space 24064K, 98% used [0x00000007b4880000,0x00000007b5f88010,0x00000007b6000000)
  to   space 91136K, 0% used [0x00000007ba180000,0x00000007ba180000,0x00000007bfa80000)
 ParOldGen       total 1994240K, used 1588255K [0x0000000702600000, 0x000000077c180000, 0x0000000780d00000)
  object space 1994240K, 79% used [0x0000000702600000,0x0000000763507eb8,0x000000077c180000)
 Metaspace       used 23251K, capacity 23473K, committed 23728K, reserved 1071104K
  class space    used 2337K, capacity 2415K, committed 2480K, reserved 1048576K
Event: 1107.231 GC heap after
Heap after GC invocations=254 (full 8):
 PSYoungGen      total 938496K, used 31392K [0x0000000780d00000, 0x00000007bfa80000, 0x00000007c0000000)
  eden space 847360K, 0% used [0x0000000780d00000,0x0000000780d00000,0x00000007b4880000)
  from space 91136K, 34% used [0x00000007ba180000,0x00000007bc028010,0x00000007bfa80000)
  to   space 24064K, 0% used [0x00000007b4880000,0x00000007b4880000,0x00000007b6000000)
 ParOldGen       total 1994240K, used 1588255K [0x0000000702600000, 0x000000077c180000, 0x0000000780d00000)
  object space 1994240K, 79% used [0x0000000702600000,0x0000000763507eb8,0x000000077c180000)
 Metaspace       used 23251K, capacity 23473K, committed 23728K, reserved 1071104K
  class space    used 2337K, capacity 2415K, committed 2480K, reserved 1048576K
}

